<?xml version="1.0" encoding="UTF-8"?>
<!-- Generated by org.testng.reporters.JUnitReportReporter -->
<testsuite skipped="0" hostname="vaibhav-Latitude-3550" name="com.nmc.testcases.testcase01.SampleTestCase" tests="3" failures="0" timestamp="02 Jan 2020 07:09:00 GMT" time="56.762" errors="0">
  <testcase name="test_1" time="22.885" classname="com.nmc.testcases.testcase01.SampleTestCase"/>
  <testcase name="test_1" time="20.249" classname="com.nmc.testcases.testcase01.SampleTestCase"/>
  <testcase name="test_1" time="13.628" classname="com.nmc.testcases.testcase01.SampleTestCase"/>
</testsuite> <!-- com.nmc.testcases.testcase01.SampleTestCase -->
