<?xml version="1.0" encoding="UTF-8"?>
<!-- Generated by org.testng.reporters.JUnitReportReporter -->
<testsuite skipped="0" hostname="vaibhav-Latitude-3550" name="com.nmc.testcases.testcase01.SampleTestCase" tests="3" failures="0" timestamp="08 Jan 2020 08:10:01 GMT" time="73.074" errors="0">
  <testcase name="test_1" time="25.968" classname="com.nmc.testcases.testcase01.SampleTestCase"/>
  <testcase name="test_1" time="15.743" classname="com.nmc.testcases.testcase01.SampleTestCase"/>
  <testcase name="test_1" time="31.363" classname="com.nmc.testcases.testcase01.SampleTestCase"/>
</testsuite> <!-- com.nmc.testcases.testcase01.SampleTestCase -->
